[16:53:47] [ServerMain/INFO]: [bootstrap] Running Java 21 (Java HotSpot(TM) 64-Bit Server VM 21.0.4+8-LTS-274; Oracle Corporation null) on Windows 10 10.0 (amd64)
[16:53:47] [ServerMain/INFO]: [bootstrap] Loading Paper 1.21.1-128-master@d348cb8 (2024-10-21T16:23:24Z) for Minecraft 1.21.1
[16:53:48] [ServerMain/INFO]: [PluginInitializerManager] Initializing plugins...
[16:53:48] [Paper Plugin Remapper Thread - 2/INFO]: [PluginRemapper] Remapping plugin 'plugins\SkywarsPL-1.0-SNAPSHOT.jar'...
[16:53:49] [Paper Plugin Remapper Thread - 2/INFO]: [PluginRemapper] Done remapping plugin 'plugins\SkywarsPL-1.0-SNAPSHOT.jar' in 759ms.
[16:53:49] [ServerMain/INFO]: [PluginInitializerManager] Initialized 1 plugin
[16:53:49] [ServerMain/INFO]: [PluginInitializerManager] Bukkit plugins (1):
 - SkywarsPL (1.0-SNAPSHOT)
[16:53:56] [ServerMain/INFO]: Environment: Environment[sessionHost=https://sessionserver.mojang.com, servicesHost=https://api.minecraftservices.com, name=PROD]
[16:53:59] [ServerMain/INFO]: Loaded 1290 recipes
[16:53:59] [ServerMain/INFO]: Loaded 1399 advancements
[16:54:00] [Server thread/INFO]: Starting minecraft server version 1.21.1
[16:54:00] [Server thread/INFO]: Loading properties
[16:54:00] [Server thread/INFO]: This server is running Paper version 1.21.1-128-master@d348cb8 (2024-10-21T16:23:24Z) (Implementing API version 1.21.1-R0.1-SNAPSHOT)
[16:54:01] [Server thread/INFO]: [spark] This server bundles the spark profiler. For more information please visit https://docs.papermc.io/paper/profiling
[16:54:01] [Server thread/INFO]: Using 4 threads for Netty based IO
[16:54:01] [Server thread/INFO]: Server Ping Player Sample Count: 12
[16:54:02] [Server thread/INFO]: [ChunkTaskScheduler] Chunk system is using 1 I/O threads, 1 worker threads, and population gen parallelism of 1 threads
[16:54:03] [Server thread/INFO]: Default game type: SURVIVAL
[16:54:03] [Server thread/INFO]: Generating keypair
[16:54:03] [Server thread/INFO]: Starting Minecraft server on *:25565
[16:54:03] [Server thread/INFO]: Using default channel type
[16:54:03] [Server thread/INFO]: Paper: Using Java compression from Velocity.
[16:54:03] [Server thread/INFO]: Paper: Using Java cipher from Velocity.
[16:54:03] [Server thread/ERROR]: [ModernPluginLoadingStrategy] Could not load plugin 'SkywarsPL-1.0-SNAPSHOT.jar' in folder 'plugins\.paper-remapped'
org.bukkit.plugin.InvalidPluginException: Cannot find main class `fr.silenthill99.skywarsPL.Main'
	at org.bukkit.plugin.java.PluginClassLoader.<init>(PluginClassLoader.java:80) ~[paper-mojangapi-1.21.1-R0.1-SNAPSHOT.jar:?]
	at io.papermc.paper.plugin.provider.type.spigot.SpigotPluginProvider.createInstance(SpigotPluginProvider.java:125) ~[paper-1.21.1.jar:1.21.1-128-d348cb8]
	at io.papermc.paper.plugin.provider.type.spigot.SpigotPluginProvider.createInstance(SpigotPluginProvider.java:35) ~[paper-1.21.1.jar:1.21.1-128-d348cb8]
	at io.papermc.paper.plugin.entrypoint.strategy.modern.ModernPluginLoadingStrategy.loadProviders(ModernPluginLoadingStrategy.java:116) ~[paper-1.21.1.jar:1.21.1-128-d348cb8]
	at io.papermc.paper.plugin.storage.SimpleProviderStorage.enter(SimpleProviderStorage.java:38) ~[paper-1.21.1.jar:1.21.1-128-d348cb8]
	at io.papermc.paper.plugin.entrypoint.LaunchEntryPointHandler.enter(LaunchEntryPointHandler.java:40) ~[paper-1.21.1.jar:1.21.1-128-d348cb8]
	at org.bukkit.craftbukkit.CraftServer.loadPlugins(CraftServer.java:547) ~[paper-1.21.1.jar:1.21.1-128-d348cb8]
	at net.minecraft.server.dedicated.DedicatedServer.initServer(DedicatedServer.java:292) ~[paper-1.21.1.jar:1.21.1-128-d348cb8]
	at net.minecraft.server.MinecraftServer.runServer(MinecraftServer.java:1214) ~[paper-1.21.1.jar:1.21.1-128-d348cb8]
	at net.minecraft.server.MinecraftServer.lambda$spin$0(MinecraftServer.java:329) ~[paper-1.21.1.jar:1.21.1-128-d348cb8]
	at java.base/java.lang.Thread.run(Thread.java:1583) ~[?:?]
Caused by: java.lang.ClassNotFoundException: fr.silenthill99.skywarsPL.Main
	at org.bukkit.plugin.java.PluginClassLoader.loadClass0(PluginClassLoader.java:197) ~[paper-mojangapi-1.21.1-R0.1-SNAPSHOT.jar:?]
	at org.bukkit.plugin.java.PluginClassLoader.loadClass(PluginClassLoader.java:164) ~[paper-mojangapi-1.21.1-R0.1-SNAPSHOT.jar:?]
	at java.base/java.lang.ClassLoader.loadClass(ClassLoader.java:526) ~[?:?]
	at java.base/java.lang.Class.forName0(Native Method) ~[?:?]
	at java.base/java.lang.Class.forName(Class.java:534) ~[?:?]
	at java.base/java.lang.Class.forName(Class.java:513) ~[?:?]
	at org.bukkit.plugin.java.PluginClassLoader.<init>(PluginClassLoader.java:78) ~[paper-mojangapi-1.21.1-R0.1-SNAPSHOT.jar:?]
	... 10 more
[16:54:03] [Server thread/INFO]: Server permissions file permissions.yml is empty, ignoring it
[16:54:03] [Server thread/INFO]: Preparing level "world"
[16:54:04] [Server thread/INFO]: Preparing start region for dimension minecraft:overworld
[16:54:05] [Server thread/INFO]: Time elapsed: 1523 ms
[16:54:05] [Server thread/INFO]: Preparing start region for dimension minecraft:the_nether
[16:54:05] [Server thread/INFO]: Time elapsed: 229 ms
[16:54:05] [Server thread/INFO]: Preparing start region for dimension minecraft:the_end
[16:54:06] [Server thread/INFO]: Time elapsed: 200 ms
[16:54:06] [Server thread/INFO]: [spark] Starting background profiler...
[16:54:06] [Server thread/INFO]: [spark] The async-profiler engine is not supported for your os/arch (windows10/amd64), so the built-in Java engine will be used instead.
[16:54:06] [Server thread/INFO]: Done preparing level "world" (3.009s)
[16:54:06] [Server thread/INFO]: Running delayed init tasks
[16:54:06] [Server thread/INFO]: Done (20.432s)! For help, type "help"
[16:54:06] [Server thread/INFO]: Timings Reset
[16:54:38] [Server thread/INFO]: Stopping the server
[16:54:38] [Server thread/INFO]: Stopping server
[16:54:38] [Server thread/INFO]: Saving players
[16:54:38] [Server thread/INFO]: Saving worlds
[16:54:38] [Server thread/INFO]: Saving chunks for level 'ServerLevel[world]'/minecraft:overworld
[16:54:38] [Server thread/INFO]: [ChunkHolderManager] Waiting 60s for chunk system to halt for world 'world'
[16:54:38] [Server thread/INFO]: [ChunkHolderManager] Halted chunk system for world 'world'
[16:54:38] [Server thread/INFO]: [ChunkHolderManager] Saving all chunkholders for world 'world'
[16:54:39] [Server thread/INFO]: [ChunkHolderManager] Saved 49 block chunks, 49 entity chunks, 0 poi chunks in world 'world' in 1,05s
[16:54:39] [Server thread/INFO]: Saving chunks for level 'ServerLevel[world_nether]'/minecraft:the_nether
[16:54:39] [Server thread/INFO]: [ChunkHolderManager] Waiting 60s for chunk system to halt for world 'world_nether'
[16:54:39] [Server thread/INFO]: [ChunkHolderManager] Halted chunk system for world 'world_nether'
[16:54:39] [Server thread/INFO]: [ChunkHolderManager] Saving all chunkholders for world 'world_nether'
[16:54:40] [Server thread/INFO]: [ChunkHolderManager] Saved 49 block chunks, 49 entity chunks, 0 poi chunks in world 'world_nether' in 0,93s
[16:54:40] [Server thread/INFO]: Saving chunks for level 'ServerLevel[world_the_end]'/minecraft:the_end
[16:54:40] [Server thread/INFO]: [ChunkHolderManager] Waiting 60s for chunk system to halt for world 'world_the_end'
[16:54:40] [Server thread/INFO]: [ChunkHolderManager] Halted chunk system for world 'world_the_end'
[16:54:40] [Server thread/INFO]: [ChunkHolderManager] Saving all chunkholders for world 'world_the_end'
[16:54:41] [Server thread/INFO]: [ChunkHolderManager] Saved 49 block chunks, 49 entity chunks, 0 poi chunks in world 'world_the_end' in 0,88s
[16:54:41] [Server thread/INFO]: ThreadedAnvilChunkStorage (world): All chunks are saved
[16:54:41] [Server thread/INFO]: ThreadedAnvilChunkStorage (DIM-1): All chunks are saved
[16:54:41] [Server thread/INFO]: ThreadedAnvilChunkStorage (DIM1): All chunks are saved
[16:54:41] [Server thread/INFO]: ThreadedAnvilChunkStorage: All dimensions are saved
